app/build/intermediates/manifest_merge_blame_file/debug/manifest-merger-blame-debug-report.txt
1<?xml version="1.0" encoding="utf-8"?>
2<manifest xmlns:android="http://schemas.android.com/apk/res/android"
3    package="com.example.cienciassafe"
4    android:versionCode="1"
5    android:versionName="1.0" >
6
7    <uses-sdk
8        android:minSdkVersion="21"
8-->src\main\AndroidManifest.xml
9        android:targetSdkVersion="30" />
9-->src\main\AndroidManifest.xml
10
11    <uses-permission android:name="android.permission.ACCESS_FINE_LOCATION" />
11-->src\main\AndroidManifest.xml:5:5-79
11-->src\main\AndroidManifest.xml:5:22-76
12    <uses-permission android:name="android.permission.INTERNET" />
12-->src\main\AndroidManifest.xml:6:5-67
12-->src\main\AndroidManifest.xml:6:22-64
13    <uses-permission android:name="android.permission.ACCESS_NETWORK_STATE" />
13-->src\main\AndroidManifest.xml:7:5-79
13-->src\main\AndroidManifest.xml:7:22-76
14    <uses-permission android:name="android.permission.WRITE_EXTERNAL_STORAGE" />
14-->src\main\AndroidManifest.xml:8:5-81
14-->src\main\AndroidManifest.xml:8:22-78
15
16    <supports-screens
16-->[org.osmdroid:osmdroid-android:6.1.8] AndroidManifest.xml:11:5-14:40
17        android:anyDensity="true"
17-->[org.osmdroid:osmdroid-android:6.1.8] AndroidManifest.xml:12:9-34
18        android:largeScreens="true"
18-->[org.osmdroid:osmdroid-android:6.1.8] AndroidManifest.xml:13:9-36
19        android:normalScreens="true" />
19-->[org.osmdroid:osmdroid-android:6.1.8] AndroidManifest.xml:14:9-37
20
21    <uses-feature
21-->[org.osmdroid:osmdroid-android:6.1.8] AndroidManifest.xml:16:5-18:36
22        android:name="android.hardware.location.network"
22-->[org.osmdroid:osmdroid-android:6.1.8] AndroidManifest.xml:17:9-57
23        android:required="false" />
23-->[org.osmdroid:osmdroid-android:6.1.8] AndroidManifest.xml:18:9-33
24    <uses-feature
24-->[org.osmdroid:osmdroid-android:6.1.8] AndroidManifest.xml:19:5-21:36
25        android:name="android.hardware.location.gps"
25-->[org.osmdroid:osmdroid-android:6.1.8] AndroidManifest.xml:20:9-53
26        android:required="false" />
26-->[org.osmdroid:osmdroid-android:6.1.8] AndroidManifest.xml:21:9-33
27    <uses-feature
27-->[org.osmdroid:osmdroid-android:6.1.8] AndroidManifest.xml:22:5-24:36
28        android:name="android.hardware.telephony"
28-->[org.osmdroid:osmdroid-android:6.1.8] AndroidManifest.xml:23:9-50
29        android:required="false" />
29-->[org.osmdroid:osmdroid-android:6.1.8] AndroidManifest.xml:24:9-33
30    <uses-feature
30-->[org.osmdroid:osmdroid-android:6.1.8] AndroidManifest.xml:25:5-27:36
31        android:name="android.hardware.wifi"
31-->[org.osmdroid:osmdroid-android:6.1.8] AndroidManifest.xml:26:9-45
32        android:required="false" />
32-->[org.osmdroid:osmdroid-android:6.1.8] AndroidManifest.xml:27:9-33
33
34    <application
34-->src\main\AndroidManifest.xml:10:5-29:19
35        android:allowBackup="false"
35-->[mil.nga.geopackage:geopackage-android:2.0.1] AndroidManifest.xml:12:9-36
36        android:appComponentFactory="androidx.core.app.CoreComponentFactory"
36-->[androidx.core:core:1.3.1] AndroidManifest.xml:24:18-86
37        android:debuggable="true"
38        android:fullBackupOnly="false"
38-->[mil.nga.geopackage:geopackage-android:2.0.1] AndroidManifest.xml:13:9-39
39        android:label="@string/app_name"
39-->[mil.nga.geopackage:geopackage-android:2.0.1] AndroidManifest.xml:14:9-41
40        android:testOnly="true"
41        android:theme="@style/AppTheme" >
41-->src\main\AndroidManifest.xml:10:18-49
42        <activity
42-->src\main\AndroidManifest.xml:11:9-12:49
43            android:name="com.example.cienciassafe.LocalizationHistoric"
43-->src\main\AndroidManifest.xml:11:19-55
44            android:parentActivityName="com.example.cienciassafe.Menu" />
44-->src\main\AndroidManifest.xml:12:13-47
45        <activity
45-->src\main\AndroidManifest.xml:13:9-15:50
46            android:name="com.example.cienciassafe.ReportResource"
46-->src\main\AndroidManifest.xml:14:13-43
47            android:parentActivityName="com.example.cienciassafe.Menu" />
47-->src\main\AndroidManifest.xml:15:13-47
48        <activity
48-->src\main\AndroidManifest.xml:16:9-18:58
49            android:name="com.example.cienciassafe.Menu"
49-->src\main\AndroidManifest.xml:17:13-33
50            android:parentActivityName="com.example.cienciassafe.MainActivity" />
50-->src\main\AndroidManifest.xml:18:13-55
51        <activity
51-->src\main\AndroidManifest.xml:19:9-21:50
52            android:name="com.example.cienciassafe.Classrooms"
52-->src\main\AndroidManifest.xml:20:13-39
53            android:parentActivityName="com.example.cienciassafe.Menu" />
53-->src\main\AndroidManifest.xml:21:13-47
54        <activity android:name="com.example.cienciassafe.MainActivity" >
54-->src\main\AndroidManifest.xml:22:9-28:20
54-->src\main\AndroidManifest.xml:22:19-47
55            <intent-filter>
55-->src\main\AndroidManifest.xml:23:13-27:29
56                <action android:name="android.intent.action.MAIN" />
56-->src\main\AndroidManifest.xml:24:17-69
56-->src\main\AndroidManifest.xml:24:25-66
57
58                <category android:name="android.intent.category.LAUNCHER" />
58-->src\main\AndroidManifest.xml:26:17-77
58-->src\main\AndroidManifest.xml:26:27-74
59            </intent-filter>
60        </activity>
61    </application>
62
63</manifest>